<?xml version="1.0" encoding="UTF-8"?>
<!-- Generated by org.testng.reporters.JUnitReportReporter -->
<testsuite skipped="0" hostname="DESKTOP-LN776CG" name="APITesting.Get_API_Testing" tests="1" failures="0" timestamp="2021-11-24T17:41:19 IST" time="2.290" errors="0">
  <testcase name="get_Test" time="2.290" classname="APITesting.Get_API_Testing"/>
  <system-out/>
</testsuite> <!-- APITesting.Get_API_Testing -->
