<?xml version="1.0" encoding="UTF-8"?>
<!-- Generated by org.testng.reporters.JUnitReportReporter -->
<testsuite skipped="0" hostname="DESKTOP-LN776CG" name="APITesting.API_PostTest" tests="1" failures="0" timestamp="2021-11-24T17:44:31 IST" time="2.588" errors="0">
  <testcase name="post_API" time="2.588" classname="APITesting.API_PostTest"/>
  <system-out/>
</testsuite> <!-- APITesting.API_PostTest -->
